<?xml version="1.0" encoding="UTF-8"?>
<testsuite name="com.koss.photocarpet.PhotocarpetApplicationTests" tests="1" skipped="0" failures="0" errors="0" timestamp="2023-02-17T06:01:53" hostname="idong-gug-ui-MacBookAir.local" time="0.079">
  <properties/>
  <testcase name="contextLoads()" classname="com.koss.photocarpet.PhotocarpetApplicationTests" time="0.079"/>
  <system-out><![CDATA[15:01:51.019 [Test worker] DEBUG org.springframework.test.context.BootstrapUtils - Instantiating CacheAwareContextLoaderDelegate from class [org.springframework.test.context.cache.DefaultCacheAwareContextLoaderDelegate]
15:01:51.024 [Test worker] DEBUG org.springframework.test.context.BootstrapUtils - Instantiating BootstrapContext using constructor [public org.springframework.test.context.support.DefaultBootstrapContext(java.lang.Class,org.springframework.test.context.CacheAwareContextLoaderDelegate)]
15:01:51.042 [Test worker] DEBUG org.springframework.test.context.BootstrapUtils - Instantiating TestContextBootstrapper for test class [com.koss.photocarpet.PhotocarpetApplicationTests] from class [org.springframework.boot.test.context.SpringBootTestContextBootstrapper]
15:01:51.052 [Test worker] INFO org.springframework.boot.test.context.SpringBootTestContextBootstrapper - Neither @ContextConfiguration nor @ContextHierarchy found for test class [com.koss.photocarpet.PhotocarpetApplicationTests], using SpringBootContextLoader
15:01:51.054 [Test worker] DEBUG org.springframework.test.context.support.AbstractContextLoader - Did not detect default resource location for test class [com.koss.photocarpet.PhotocarpetApplicationTests]: class path resource [com/koss/photocarpet/PhotocarpetApplicationTests-context.xml] does not exist
15:01:51.054 [Test worker] DEBUG org.springframework.test.context.support.AbstractContextLoader - Did not detect default resource location for test class [com.koss.photocarpet.PhotocarpetApplicationTests]: class path resource [com/koss/photocarpet/PhotocarpetApplicationTestsContext.groovy] does not exist
15:01:51.054 [Test worker] INFO org.springframework.test.context.support.AbstractContextLoader - Could not detect default resource locations for test class [com.koss.photocarpet.PhotocarpetApplicationTests]: no resource found for suffixes {-context.xml, Context.groovy}.
15:01:51.055 [Test worker] INFO org.springframework.test.context.support.AnnotationConfigContextLoaderUtils - Could not detect default configuration classes for test class [com.koss.photocarpet.PhotocarpetApplicationTests]: PhotocarpetApplicationTests does not declare any static, non-private, non-final, nested classes annotated with @Configuration.
15:01:51.100 [Test worker] DEBUG org.springframework.test.context.support.ActiveProfilesUtils - Could not find an 'annotation declaring class' for annotation type [org.springframework.test.context.ActiveProfiles] and class [com.koss.photocarpet.PhotocarpetApplicationTests]
15:01:51.123 [Test worker] DEBUG org.springframework.context.annotation.ClassPathScanningCandidateComponentProvider - Identified candidate component class: file [/Users/dongguk/coding/photocarpet/build/classes/java/main/com/koss/photocarpet/PhotocarpetApplication.class]
15:01:51.124 [Test worker] INFO org.springframework.boot.test.context.SpringBootTestContextBootstrapper - Found @SpringBootConfiguration com.koss.photocarpet.PhotocarpetApplication for test class com.koss.photocarpet.PhotocarpetApplicationTests
15:01:51.167 [Test worker] DEBUG org.springframework.boot.test.context.SpringBootTestContextBootstrapper - @TestExecutionListeners is not present for class [com.koss.photocarpet.PhotocarpetApplicationTests]: using defaults.
15:01:51.168 [Test worker] INFO org.springframework.boot.test.context.SpringBootTestContextBootstrapper - Loaded default TestExecutionListener class names from location [META-INF/spring.factories]: [org.springframework.security.test.context.support.WithSecurityContextTestExecutionListener, org.springframework.security.test.context.support.ReactorContextTestExecutionListener, org.springframework.boot.test.autoconfigure.restdocs.RestDocsTestExecutionListener, org.springframework.boot.test.autoconfigure.web.client.MockRestServiceServerResetTestExecutionListener, org.springframework.boot.test.autoconfigure.web.servlet.MockMvcPrintOnlyOnFailureTestExecutionListener, org.springframework.boot.test.autoconfigure.web.servlet.WebDriverTestExecutionListener, org.springframework.boot.test.autoconfigure.webservices.client.MockWebServiceServerTestExecutionListener, org.springframework.boot.test.mock.mockito.MockitoTestExecutionListener, org.springframework.boot.test.mock.mockito.ResetMocksTestExecutionListener, org.springframework.test.context.web.ServletTestExecutionListener, org.springframework.test.context.support.DirtiesContextBeforeModesTestExecutionListener, org.springframework.test.context.event.ApplicationEventsTestExecutionListener, org.springframework.test.context.support.DependencyInjectionTestExecutionListener, org.springframework.test.context.support.DirtiesContextTestExecutionListener, org.springframework.test.context.transaction.TransactionalTestExecutionListener, org.springframework.test.context.jdbc.SqlScriptsTestExecutionListener, org.springframework.test.context.event.EventPublishingTestExecutionListener]
15:01:51.180 [Test worker] INFO org.springframework.boot.test.context.SpringBootTestContextBootstrapper - Using TestExecutionListeners: [org.springframework.test.context.web.ServletTestExecutionListener@2b95e48b, org.springframework.test.context.support.DirtiesContextBeforeModesTestExecutionListener@4a3329b9, org.springframework.test.context.event.ApplicationEventsTestExecutionListener@3dddefd8, org.springframework.boot.test.mock.mockito.MockitoTestExecutionListener@160ac7fb, org.springframework.boot.test.autoconfigure.SpringBootDependencyInjectionTestExecutionListener@12bfd80d, org.springframework.test.context.support.DirtiesContextTestExecutionListener@41925502, org.springframework.test.context.transaction.TransactionalTestExecutionListener@13e3c1c7, org.springframework.test.context.jdbc.SqlScriptsTestExecutionListener@5316e95f, org.springframework.security.test.context.support.WithSecurityContextTestExecutionListener@3f053c80, org.springframework.test.context.event.EventPublishingTestExecutionListener@6c6c5427, org.springframework.security.test.context.support.ReactorContextTestExecutionListener@618c5d94, org.springframework.boot.test.autoconfigure.restdocs.RestDocsTestExecutionListener@5b40ceb, org.springframework.boot.test.autoconfigure.web.client.MockRestServiceServerResetTestExecutionListener@13c3c1e1, org.springframework.boot.test.autoconfigure.web.servlet.MockMvcPrintOnlyOnFailureTestExecutionListener@1d8062d2, org.springframework.boot.test.autoconfigure.web.servlet.WebDriverTestExecutionListener@1e63ec0b, org.springframework.boot.test.autoconfigure.webservices.client.MockWebServiceServerTestExecutionListener@3b956878, org.springframework.boot.test.mock.mockito.ResetMocksTestExecutionListener@36546a22]
15:01:51.182 [Test worker] DEBUG org.springframework.test.context.support.AbstractDirtiesContextTestExecutionListener - Before test class: context [DefaultTestContext@654d8173 testClass = PhotocarpetApplicationTests, testInstance = [null], testMethod = [null], testException = [null], mergedContextConfiguration = [WebMergedContextConfiguration@56c9bbd8 testClass = PhotocarpetApplicationTests, locations = '{}', classes = '{class com.koss.photocarpet.PhotocarpetApplication}', contextInitializerClasses = '[]', activeProfiles = '{}', propertySourceLocations = '{}', propertySourceProperties = '{org.springframework.boot.test.context.SpringBootTestContextBootstrapper=true}', contextCustomizers = set[org.springframework.boot.test.autoconfigure.actuate.metrics.MetricsExportContextCustomizerFactory$DisableMetricExportContextCustomizer@7922d892, org.springframework.boot.test.autoconfigure.properties.PropertyMappingContextCustomizer@0, org.springframework.boot.test.autoconfigure.web.servlet.WebDriverContextCustomizerFactory$Customizer@12d2ce03, org.springframework.boot.test.context.filter.ExcludeFilterContextCustomizer@1984b1f, org.springframework.boot.test.json.DuplicateJsonObjectContextCustomizerFactory$DuplicateJsonObjectContextCustomizer@6d167f58, org.springframework.boot.test.mock.mockito.MockitoContextCustomizer@0, org.springframework.boot.test.web.client.TestRestTemplateContextCustomizer@172b013, org.springframework.boot.test.context.SpringBootTestArgs@1, org.springframework.boot.test.context.SpringBootTestWebEnvironment@c86b9e3], resourceBasePath = 'src/main/webapp', contextLoader = 'org.springframework.boot.test.context.SpringBootContextLoader', parent = [null]], attributes = map['org.springframework.test.context.web.ServletTestExecutionListener.activateListener' -> true]], class annotated with @DirtiesContext [false] with mode [null].

  .   ____          _            __ _ _
 /\\ / ___'_ __ _ _(_)_ __  __ _ \ \ \ \
( ( )\___ | '_ | '_| | '_ \/ _` | \ \ \ \
 \\/  ___)| |_)| | | | | || (_| |  ) ) ) )
  '  |____| .__|_| |_|_| |_\__, | / / / /
 =========|_|==============|___/=/_/_/_/
 :: Spring Boot ::                (v2.7.8)

2023-02-17 15:01:51.346  INFO 71819 --- [    Test worker] c.k.p.PhotocarpetApplicationTests        : Starting PhotocarpetApplicationTests using Java 18.0.1.1 on idong-gug-ui-MacBookAir.local with PID 71819 (started by dongguk in /Users/dongguk/coding/photocarpet)
2023-02-17 15:01:51.347  INFO 71819 --- [    Test worker] c.k.p.PhotocarpetApplicationTests        : No active profile set, falling back to 1 default profile: "default"
2023-02-17 15:01:51.646  INFO 71819 --- [    Test worker] .s.d.r.c.RepositoryConfigurationDelegate : Bootstrapping Spring Data JPA repositories in DEFAULT mode.
2023-02-17 15:01:51.676  INFO 71819 --- [    Test worker] .s.d.r.c.RepositoryConfigurationDelegate : Finished Spring Data repository scanning in 28 ms. Found 9 JPA repository interfaces.
2023-02-17 15:01:51.912  INFO 71819 --- [    Test worker] o.hibernate.jpa.internal.util.LogHelper  : HHH000204: Processing PersistenceUnitInfo [name: default]
2023-02-17 15:01:51.930  INFO 71819 --- [    Test worker] org.hibernate.Version                    : HHH000412: Hibernate ORM core version 5.6.14.Final
2023-02-17 15:01:51.989  INFO 71819 --- [    Test worker] o.hibernate.annotations.common.Version   : HCANN000001: Hibernate Commons Annotations {5.1.2.Final}
2023-02-17 15:01:52.033  INFO 71819 --- [    Test worker] com.zaxxer.hikari.HikariDataSource       : HikariPool-1 - Starting...
2023-02-17 15:01:52.152  INFO 71819 --- [    Test worker] com.zaxxer.hikari.HikariDataSource       : HikariPool-1 - Start completed.
2023-02-17 15:01:52.164  INFO 71819 --- [    Test worker] org.hibernate.dialect.Dialect            : HHH000400: Using dialect: org.hibernate.dialect.MySQL8Dialect
2023-02-17 15:01:52.638  INFO 71819 --- [    Test worker] o.h.e.t.j.p.i.JtaPlatformInitiator       : HHH000490: Using JtaPlatform implementation: [org.hibernate.engine.transaction.jta.platform.internal.NoJtaPlatform]
2023-02-17 15:01:52.642  INFO 71819 --- [    Test worker] j.LocalContainerEntityManagerFactoryBean : Initialized JPA EntityManagerFactory for persistence unit 'default'
2023-02-17 15:01:52.928  WARN 71819 --- [    Test worker] .s.s.UserDetailsServiceAutoConfiguration : 

Using generated security password: ae01ecaf-f46a-4cb7-af13-e7bbfb027172

This generated password is for development use only. Your security configuration must be updated before running your application in production.

2023-02-17 15:01:52.990  INFO 71819 --- [    Test worker] o.s.s.web.DefaultSecurityFilterChain     : Will secure any request with [org.springframework.security.web.session.DisableEncodeUrlFilter@62ec4146, org.springframework.security.web.context.request.async.WebAsyncManagerIntegrationFilter@362e709e, org.springframework.security.web.context.SecurityContextPersistenceFilter@15a5cc6e, org.springframework.security.web.header.HeaderWriterFilter@23f539df, com.koss.photocarpet.Security.JwtAuthenticationFilter@61d150af, org.springframework.security.web.authentication.logout.LogoutFilter@626ff077, org.springframework.security.web.savedrequest.RequestCacheAwareFilter@5f7bd970, org.springframework.security.web.servletapi.SecurityContextHolderAwareRequestFilter@6406b84d, org.springframework.security.web.authentication.AnonymousAuthenticationFilter@b0c4905, org.springframework.security.web.session.SessionManagementFilter@1d6014a7, org.springframework.security.web.access.ExceptionTranslationFilter@116efe65, org.springframework.security.web.access.intercept.FilterSecurityInterceptor@121f9c52]
2023-02-17 15:01:53.078  WARN 71819 --- [    Test worker] JpaBaseConfiguration$JpaWebConfiguration : spring.jpa.open-in-view is enabled by default. Therefore, database queries may be performed during view rendering. Explicitly configure spring.jpa.open-in-view to disable this warning
2023-02-17 15:01:53.306  INFO 71819 --- [    Test worker] c.k.p.PhotocarpetApplicationTests        : Started PhotocarpetApplicationTests in 2.108 seconds (JVM running for 2.82)
]]></system-out>
  <system-err><![CDATA[]]></system-err>
</testsuite>
